2019-06-27 14:25:13.138 >>> [main] >>> INFO  >>> com.mengxuegu.springboot.SpringBoot03LoggingApplication >>> Starting SpringBoot03LoggingApplication on Aven with PID 12476 (C:\Users\Aven\Desktop\0\SpringBootProject\spring-boot-03-logging\target\classes started by Aven in C:\Users\Aven\Desktop\0\SpringBootProject\spring-boot-01-hello)
2019-06-27 14:25:13.290 >>> [main] >>> DEBUG >>> com.mengxuegu.springboot.SpringBoot03LoggingApplication >>> Running with Spring Boot v2.0.6.RELEASE, Spring v5.0.10.RELEASE
2019-06-27 14:25:13.291 >>> [main] >>> INFO  >>> com.mengxuegu.springboot.SpringBoot03LoggingApplication >>> The following profiles are active: dev
2019-06-27 14:25:13.354 >>> [main] >>> INFO  >>> org.springframework.boot.web.servlet.context.AnnotationConfigServletWebServerApplicationContext >>> Refreshing org.springframework.boot.web.servlet.context.AnnotationConfigServletWebServerApplicationContext@757acd7b: startup date [Thu Jun 27 14:25:13 CST 2019]; root of context hierarchy
2019-06-27 14:25:14.529 >>> [main] >>> INFO  >>> org.springframework.boot.web.embedded.tomcat.TomcatWebServer >>> Tomcat initialized with port(s): 8080 (http)
2019-06-27 14:25:14.727 >>> [main] >>> INFO  >>> org.apache.catalina.core.StandardService >>> Starting service [Tomcat]
2019-06-27 14:25:14.728 >>> [main] >>> INFO  >>> org.apache.catalina.core.StandardEngine >>> Starting Servlet Engine: Apache Tomcat/8.5.34
2019-06-27 14:25:14.736 >>> [localhost-startStop-1] >>> INFO  >>> org.apache.catalina.core.AprLifecycleListener >>> Loaded APR based Apache Tomcat Native library [1.2.21] using APR version [1.6.5].
2019-06-27 14:25:14.736 >>> [localhost-startStop-1] >>> INFO  >>> org.apache.catalina.core.AprLifecycleListener >>> APR capabilities: IPv6 [true], sendfile [true], accept filters [false], random [true].
2019-06-27 14:25:14.737 >>> [localhost-startStop-1] >>> INFO  >>> org.apache.catalina.core.AprLifecycleListener >>> APR/OpenSSL configuration: useAprConnector [false], useOpenSSL [true]
2019-06-27 14:25:14.742 >>> [localhost-startStop-1] >>> INFO  >>> org.apache.catalina.core.AprLifecycleListener >>> OpenSSL successfully initialized [OpenSSL 1.1.1a  20 Nov 2018]
2019-06-27 14:25:14.851 >>> [localhost-startStop-1] >>> INFO  >>> org.apache.catalina.core.ContainerBase.[Tomcat].[localhost].[/] >>> Initializing Spring embedded WebApplicationContext
2019-06-27 14:25:14.852 >>> [localhost-startStop-1] >>> INFO  >>> org.springframework.web.context.ContextLoader >>> Root WebApplicationContext: initialization completed in 1498 ms
2019-06-27 14:25:14.915 >>> [localhost-startStop-1] >>> INFO  >>> org.springframework.boot.web.servlet.ServletRegistrationBean >>> Servlet dispatcherServlet mapped to [/]
2019-06-27 14:25:14.920 >>> [localhost-startStop-1] >>> INFO  >>> org.springframework.boot.web.servlet.FilterRegistrationBean >>> Mapping filter: 'characterEncodingFilter' to: [/*]
2019-06-27 14:25:14.920 >>> [localhost-startStop-1] >>> INFO  >>> org.springframework.boot.web.servlet.FilterRegistrationBean >>> Mapping filter: 'hiddenHttpMethodFilter' to: [/*]
2019-06-27 14:25:14.920 >>> [localhost-startStop-1] >>> INFO  >>> org.springframework.boot.web.servlet.FilterRegistrationBean >>> Mapping filter: 'httpPutFormContentFilter' to: [/*]
2019-06-27 14:25:14.920 >>> [localhost-startStop-1] >>> INFO  >>> org.springframework.boot.web.servlet.FilterRegistrationBean >>> Mapping filter: 'requestContextFilter' to: [/*]
2019-06-27 14:25:15.041 >>> [main] >>> INFO  >>> org.springframework.web.servlet.handler.SimpleUrlHandlerMapping >>> Mapped URL path [/**/favicon.ico] onto handler of type [class org.springframework.web.servlet.resource.ResourceHttpRequestHandler]
2019-06-27 14:25:15.226 >>> [main] >>> INFO  >>> org.springframework.web.servlet.mvc.method.annotation.RequestMappingHandlerAdapter >>> Looking for @ControllerAdvice: org.springframework.boot.web.servlet.context.AnnotationConfigServletWebServerApplicationContext@757acd7b: startup date [Thu Jun 27 14:25:13 CST 2019]; root of context hierarchy
2019-06-27 14:25:15.282 >>> [main] >>> INFO  >>> org.springframework.web.servlet.mvc.method.annotation.RequestMappingHandlerMapping >>> Mapped "{[/error]}" onto public org.springframework.http.ResponseEntity<java.util.Map<java.lang.String, java.lang.Object>> org.springframework.boot.autoconfigure.web.servlet.error.BasicErrorController.error(javax.servlet.http.HttpServletRequest)
2019-06-27 14:25:15.283 >>> [main] >>> INFO  >>> org.springframework.web.servlet.mvc.method.annotation.RequestMappingHandlerMapping >>> Mapped "{[/error],produces=[text/html]}" onto public org.springframework.web.servlet.ModelAndView org.springframework.boot.autoconfigure.web.servlet.error.BasicErrorController.errorHtml(javax.servlet.http.HttpServletRequest,javax.servlet.http.HttpServletResponse)
2019-06-27 14:25:15.303 >>> [main] >>> INFO  >>> org.springframework.web.servlet.handler.SimpleUrlHandlerMapping >>> Mapped URL path [/webjars/**] onto handler of type [class org.springframework.web.servlet.resource.ResourceHttpRequestHandler]
2019-06-27 14:25:15.304 >>> [main] >>> INFO  >>> org.springframework.web.servlet.handler.SimpleUrlHandlerMapping >>> Mapped URL path [/**] onto handler of type [class org.springframework.web.servlet.resource.ResourceHttpRequestHandler]
2019-06-27 14:25:15.350 >>> [main] >>> WARN  >>> org.springframework.boot.autoconfigure.thymeleaf.ThymeleafAutoConfiguration$DefaultTemplateResolverConfiguration >>> Cannot find template location: classpath:/templates/ (please add some templates or check your Thymeleaf configuration)
2019-06-27 14:25:15.498 >>> [main] >>> INFO  >>> org.springframework.jmx.export.annotation.AnnotationMBeanExporter >>> Registering beans for JMX exposure on startup
2019-06-27 14:25:15.537 >>> [main] >>> INFO  >>> org.springframework.boot.web.embedded.tomcat.TomcatWebServer >>> Tomcat started on port(s): 8080 (http) with context path ''
2019-06-27 14:25:15.541 >>> [main] >>> INFO  >>> com.mengxuegu.springboot.SpringBoot03LoggingApplication >>> Started SpringBoot03LoggingApplication in 4.109 seconds (JVM running for 6.016)
2019-06-27 14:25:26.353 >>> [http-nio-8080-exec-1] >>> INFO  >>> org.apache.catalina.core.ContainerBase.[Tomcat].[localhost].[/] >>> Initializing Spring FrameworkServlet 'dispatcherServlet'
2019-06-27 14:25:26.354 >>> [http-nio-8080-exec-1] >>> INFO  >>> org.springframework.web.servlet.DispatcherServlet >>> FrameworkServlet 'dispatcherServlet': initialization started
2019-06-27 14:25:26.373 >>> [http-nio-8080-exec-1] >>> INFO  >>> org.springframework.web.servlet.DispatcherServlet >>> FrameworkServlet 'dispatcherServlet': initialization completed in 19 ms
